<?xml version="1.0" encoding="UTF-8"?>
<!-- Generated by org.testng.reporters.JUnitXMLReporter -->
<testsuite ignored="2" hostname="krishna" failures="0" tests="3" name="Test1" time="0.061" errors="0" timestamp="2024-04-12T15:16:38 IST">
  <testcase classname="practice.Groups" name="test2" time="0.008"/>
  <testcase classname="practice.Groups" name="test3" time="0.001"/>
  <testcase classname="practice.Groups" name="test4" time="0.002"/>
  <testcase classname="practice.Groups" name="test1" time="0.0">
    <ignored/>
  </testcase> <!-- test1 -->
  <testcase classname="practice.Groups" name="test5" time="0.0">
    <ignored/>
  </testcase> <!-- test5 -->
</testsuite> <!-- Test1 -->
