<?xml version="1.0" encoding="UTF-8"?>
<testng-results ignored="0" total="3" passed="3" failed="0" skipped="0">
  <reporter-output>
  </reporter-output>
  <suite started-at="2024-04-12T15:21:18 IST" name="metagroup" finished-at="2024-04-12T15:21:18 IST" duration-ms="78">
    <groups>
      <group name="regression">
        <method signature="Groups.test3()[pri:0, instance:practice.Groups@5876a9af]" name="test3" class="practice.Groups"/>
      </group> <!-- regression -->
      <group name="smoke">
        <method signature="Groups.test2()[pri:0, instance:practice.Groups@5876a9af]" name="test2" class="practice.Groups"/>
        <method signature="Groups.test3()[pri:0, instance:practice.Groups@5876a9af]" name="test3" class="practice.Groups"/>
      </group> <!-- smoke -->
      <group name="sanity">
        <method signature="Groups.test1()[pri:0, instance:practice.Groups@5876a9af]" name="test1" class="practice.Groups"/>
        <method signature="Groups.test2()[pri:0, instance:practice.Groups@5876a9af]" name="test2" class="practice.Groups"/>
      </group> <!-- sanity -->
    </groups>
    <test started-at="2024-04-12T15:21:18 IST" name="Test2" finished-at="2024-04-12T15:21:18 IST" duration-ms="78">
      <class name="practice.Groups">
        <test-method signature="test1()[pri:0, instance:practice.Groups@5876a9af]" started-at="2024-04-12T15:21:18 IST" name="test1" finished-at="2024-04-12T15:21:18 IST" duration-ms="8" status="PASS">
          <reporter-output>
          </reporter-output>
        </test-method> <!-- test1 -->
        <test-method signature="test2()[pri:0, instance:practice.Groups@5876a9af]" started-at="2024-04-12T15:21:18 IST" name="test2" finished-at="2024-04-12T15:21:18 IST" duration-ms="2" status="PASS">
          <reporter-output>
          </reporter-output>
        </test-method> <!-- test2 -->
        <test-method signature="test3()[pri:0, instance:practice.Groups@5876a9af]" started-at="2024-04-12T15:21:18 IST" name="test3" finished-at="2024-04-12T15:21:18 IST" duration-ms="2" status="PASS">
          <reporter-output>
          </reporter-output>
        </test-method> <!-- test3 -->
      </class> <!-- practice.Groups -->
    </test> <!-- Test2 -->
  </suite> <!-- metagroup -->
</testng-results>
