<?xml version="1.0" encoding="UTF-8"?>
<testng-results ignored="0" total="3" passed="3" failed="0" skipped="0">
  <reporter-output>
  </reporter-output>
  <suite started-at="2022-12-15T17:56:16 IST" name="Suite" finished-at="2022-12-15T17:56:48 IST" duration-ms="32625">
    <groups>
    </groups>
    <test started-at="2022-12-15T17:56:16 IST" name="Test" finished-at="2022-12-15T17:56:28 IST" duration-ms="12640">
      <class name="tdd_framework_crossbrowser.Leave_Module">
        <test-method is-config="true" signature="launchingBrowser(java.lang.String)[pri:0, instance:tdd_framework_crossbrowser.Leave_Module@4e096385]" started-at="2022-12-15T17:56:16 IST" name="launchingBrowser" finished-at="2022-12-15T17:56:23 IST" duration-ms="6816" status="PASS">
          <params>
            <param index="0">
              <value>
                <![CDATA[edge]]>
              </value>
            </param>
          </params>
          <reporter-output>
          </reporter-output>
        </test-method> <!-- launchingBrowser -->
        <test-method is-config="true" signature="loginApplication()[pri:0, instance:tdd_framework_crossbrowser.Leave_Module@4e096385]" started-at="2022-12-15T17:56:23 IST" name="loginApplication" finished-at="2022-12-15T17:56:23 IST" duration-ms="710" status="PASS">
          <reporter-output>
          </reporter-output>
        </test-method> <!-- loginApplication -->
        <test-method signature="click_leave()[pri:0, instance:tdd_framework_crossbrowser.Leave_Module@4e096385]" started-at="2022-12-15T17:56:23 IST" name="click_leave" finished-at="2022-12-15T17:56:26 IST" duration-ms="2875" status="PASS">
          <reporter-output>
          </reporter-output>
        </test-method> <!-- click_leave -->
        <test-method is-config="true" signature="logout()[pri:0, instance:tdd_framework_crossbrowser.Leave_Module@4e096385]" started-at="2022-12-15T17:56:26 IST" name="logout" finished-at="2022-12-15T17:56:28 IST" duration-ms="2059" status="PASS">
          <reporter-output>
          </reporter-output>
        </test-method> <!-- logout -->
        <test-method is-config="true" signature="closeBrowser()[pri:0, instance:tdd_framework_crossbrowser.Leave_Module@4e096385]" started-at="2022-12-15T17:56:28 IST" name="closeBrowser" finished-at="2022-12-15T17:56:28 IST" duration-ms="150" status="PASS">
          <reporter-output>
          </reporter-output>
        </test-method> <!-- closeBrowser -->
      </class> <!-- tdd_framework_crossbrowser.Leave_Module -->
    </test> <!-- Test -->
    <test started-at="2022-12-15T17:56:28 IST" name="Test1" finished-at="2022-12-15T17:56:37 IST" duration-ms="8454">
      <class name="tdd_framework_crossbrowser.Leave_Module">
        <test-method is-config="true" signature="launchingBrowser(java.lang.String)[pri:0, instance:tdd_framework_crossbrowser.Leave_Module@429bffaa]" started-at="2022-12-15T17:56:28 IST" name="launchingBrowser" finished-at="2022-12-15T17:56:32 IST" duration-ms="3289" status="PASS">
          <params>
            <param index="0">
              <value>
                <![CDATA[chrome]]>
              </value>
            </param>
          </params>
          <reporter-output>
          </reporter-output>
        </test-method> <!-- launchingBrowser -->
        <test-method is-config="true" signature="loginApplication()[pri:0, instance:tdd_framework_crossbrowser.Leave_Module@429bffaa]" started-at="2022-12-15T17:56:32 IST" name="loginApplication" finished-at="2022-12-15T17:56:32 IST" duration-ms="662" status="PASS">
          <reporter-output>
          </reporter-output>
        </test-method> <!-- loginApplication -->
        <test-method signature="click_leave()[pri:0, instance:tdd_framework_crossbrowser.Leave_Module@429bffaa]" started-at="2022-12-15T17:56:32 IST" name="click_leave" finished-at="2022-12-15T17:56:35 IST" duration-ms="2836" status="PASS">
          <reporter-output>
          </reporter-output>
        </test-method> <!-- click_leave -->
        <test-method is-config="true" signature="logout()[pri:0, instance:tdd_framework_crossbrowser.Leave_Module@429bffaa]" started-at="2022-12-15T17:56:35 IST" name="logout" finished-at="2022-12-15T17:56:37 IST" duration-ms="1551" status="PASS">
          <reporter-output>
          </reporter-output>
        </test-method> <!-- logout -->
        <test-method is-config="true" signature="closeBrowser()[pri:0, instance:tdd_framework_crossbrowser.Leave_Module@429bffaa]" started-at="2022-12-15T17:56:37 IST" name="closeBrowser" finished-at="2022-12-15T17:56:37 IST" duration-ms="113" status="PASS">
          <reporter-output>
          </reporter-output>
        </test-method> <!-- closeBrowser -->
      </class> <!-- tdd_framework_crossbrowser.Leave_Module -->
    </test> <!-- Test1 -->
    <test started-at="2022-12-15T17:56:37 IST" name="Test2" finished-at="2022-12-15T17:56:48 IST" duration-ms="11459">
      <class name="tdd_framework_crossbrowser.Leave_Module">
        <test-method is-config="true" signature="launchingBrowser(java.lang.String)[pri:0, instance:tdd_framework_crossbrowser.Leave_Module@28f3b248]" started-at="2022-12-15T17:56:37 IST" name="launchingBrowser" finished-at="2022-12-15T17:56:43 IST" duration-ms="5705" status="PASS">
          <params>
            <param index="0">
              <value>
                <![CDATA[firefox]]>
              </value>
            </param>
          </params>
          <reporter-output>
          </reporter-output>
        </test-method> <!-- launchingBrowser -->
        <test-method is-config="true" signature="loginApplication()[pri:0, instance:tdd_framework_crossbrowser.Leave_Module@28f3b248]" started-at="2022-12-15T17:56:43 IST" name="loginApplication" finished-at="2022-12-15T17:56:44 IST" duration-ms="1661" status="PASS">
          <reporter-output>
          </reporter-output>
        </test-method> <!-- loginApplication -->
        <test-method signature="click_leave()[pri:0, instance:tdd_framework_crossbrowser.Leave_Module@28f3b248]" started-at="2022-12-15T17:56:44 IST" name="click_leave" finished-at="2022-12-15T17:56:46 IST" duration-ms="1633" status="PASS">
          <reporter-output>
          </reporter-output>
        </test-method> <!-- click_leave -->
        <test-method is-config="true" signature="logout()[pri:0, instance:tdd_framework_crossbrowser.Leave_Module@28f3b248]" started-at="2022-12-15T17:56:46 IST" name="logout" finished-at="2022-12-15T17:56:48 IST" duration-ms="1754" status="PASS">
          <reporter-output>
          </reporter-output>
        </test-method> <!-- logout -->
        <test-method is-config="true" signature="closeBrowser()[pri:0, instance:tdd_framework_crossbrowser.Leave_Module@28f3b248]" started-at="2022-12-15T17:56:48 IST" name="closeBrowser" finished-at="2022-12-15T17:56:48 IST" duration-ms="704" status="PASS">
          <reporter-output>
          </reporter-output>
        </test-method> <!-- closeBrowser -->
      </class> <!-- tdd_framework_crossbrowser.Leave_Module -->
    </test> <!-- Test2 -->
  </suite> <!-- Suite -->
</testng-results>
